<?xml version="1.0" encoding="utf-8"?>
<TestRun id="23e429a1-11eb-48e3-a2c5-4de016400d07" name="karamjun@CRLHV-PRET16 2022-10-05 21:21:48" runUser="CONTOURSOFTWARE\karamjun" xmlns="http://microsoft.com/schemas/VisualStudio/TeamTest/2010">
  <Times creation="2022-10-05T21:21:48.6839369+05:00" queuing="2022-10-05T21:21:48.6839369+05:00" start="2022-10-05T21:21:43.4759904+05:00" finish="2022-10-05T21:23:16.0243205+05:00" />
  <TestSettings name="default" id="aa84c55d-ef94-44fa-97cc-f0d40798aecf">
    <Deployment runDeploymentRoot="karamjun_CRLHV-PRET16_2022-10-05_21_21_48" />
  </TestSettings>
  <Results>
    <UnitTestResult executionId="2a53a53e-a8b4-484c-b3c1-6c7c27e63d3d" testId="dcdeee32-f1f2-42ac-b7ea-c841d93a34c2" testName="TC_5_DownloadInvoiceAfterPurchaseOrder" computerName="CRLHV-PRET16" duration="00:00:39.6944403" startTime="2022-10-05T21:22:36.0455507+05:00" endTime="2022-10-05T21:23:15.7402732+05:00" testType="13cdc9d9-ddb5-4fa4-a97d-d965ccfc6d4b" outcome="Failed" testListId="8c84fa94-04c1-424b-9868-57a2d4851a1d" relativeResultsDirectory="2a53a53e-a8b4-484c-b3c1-6c7c27e63d3d">
      <Output>
        <ErrorInfo>
          <Message>Test method SeleniumQuiz.UnitTest1.TC_5_DownloadInvoiceAfterPurchaseOrder threw exception: &#xD;
OpenQA.Selenium.WebDriverTimeoutException: Timed out after 20 seconds ---&gt; OpenQA.Selenium.NoSuchElementException: no such element: Unable to locate element: {"method":"xpath","selector":"//label[@for='id_gender1']"}
  (Session info: chrome=106.0.5249.91)</Message>
          <StackTrace>    at OpenQA.Selenium.WebDriver.UnpackAndThrowOnError(Response errorResponse, String commandToExecute)&#xD;
   at OpenQA.Selenium.WebDriver.Execute(String driverCommandToExecute, Dictionary`2 parameters)&#xD;
   at OpenQA.Selenium.WebDriver.FindElement(String mechanism, String value)&#xD;
   at OpenQA.Selenium.By.&lt;.ctor&gt;b__11_0(ISearchContext context)&#xD;
   at OpenQA.Selenium.By.FindElement(ISearchContext context)&#xD;
   at OpenQA.Selenium.WebDriver.FindElement(By by)&#xD;
   at SeleniumExtras.WaitHelpers.ExpectedConditions.&lt;&gt;c__DisplayClass7_0.&lt;ElementIsVisible&gt;b__0(IWebDriver driver)&#xD;
   at OpenQA.Selenium.Support.UI.DefaultWait`1.Until[TResult](Func`2 condition, CancellationToken token)&#xD;
--- End of inner exception stack trace ---&#xD;
    at OpenQA.Selenium.Support.UI.DefaultWait`1.ThrowTimeoutException(String exceptionMessage, Exception lastException)&#xD;
   at OpenQA.Selenium.Support.UI.DefaultWait`1.Until[TResult](Func`2 condition, CancellationToken token)&#xD;
   at OpenQA.Selenium.Support.UI.DefaultWait`1.Until[TResult](Func`2 condition)&#xD;
   at SeleniumQuiz.GeneralMethodsClass.ExplicitWaitForElement(By path) in C:\Users\karamjun\source\repos\SeleniumQuiz\SeleniumQuiz\GeneralMethodsClass.cs:line 66&#xD;
   at SeleniumQuiz.GeneralMethodsClass.findElement(By path) in C:\Users\karamjun\source\repos\SeleniumQuiz\SeleniumQuiz\GeneralMethodsClass.cs:line 46&#xD;
   at SeleniumQuiz.GeneralMethodsClass.clickAction(By path) in C:\Users\karamjun\source\repos\SeleniumQuiz\SeleniumQuiz\GeneralMethodsClass.cs:line 52&#xD;
   at SeleniumQuiz.DownloadInvoiceClass.RegisterNewUser(String name, String email, String pass, String date, String month, String year, String fName, String lName, String company, String address1, String address2, String country, String state, String city, String zip, String contact) in C:\Users\karamjun\source\repos\SeleniumQuiz\SeleniumQuiz\DownloadInvoiceClass.cs:line 104&#xD;
   at SeleniumQuiz.UnitTest1.TC_5_DownloadInvoiceAfterPurchaseOrder() in C:\Users\karamjun\source\repos\SeleniumQuiz\SeleniumQuiz\UnitTest1.cs:line 144&#xD;
</StackTrace>
        </ErrorInfo>
      </Output>
    </UnitTestResult>
    <UnitTestResult executionId="d36e5a76-6caf-4cd0-8389-c5b1058adc42" testId="d7b7fb06-e7c5-4e78-b82d-07da680f2f88" testName="userLogout" computerName="CRLHV-PRET16" duration="00:00:15.6760841" startTime="2022-10-05T21:22:04.6817786+05:00" endTime="2022-10-05T21:22:20.3576293+05:00" testType="13cdc9d9-ddb5-4fa4-a97d-d965ccfc6d4b" outcome="Passed" testListId="8c84fa94-04c1-424b-9868-57a2d4851a1d" relativeResultsDirectory="d36e5a76-6caf-4cd0-8389-c5b1058adc42" />
    <UnitTestResult executionId="d1b4e6d1-57aa-4af7-a72a-13bb22cd41e2" testId="25cbf609-3c23-4737-aff6-249774c1df72" testName="TC_4_SearchProduct" computerName="CRLHV-PRET16" duration="00:00:15.6834161" startTime="2022-10-05T21:22:20.3596290+05:00" endTime="2022-10-05T21:22:36.0445518+05:00" testType="13cdc9d9-ddb5-4fa4-a97d-d965ccfc6d4b" outcome="Passed" testListId="8c84fa94-04c1-424b-9868-57a2d4851a1d" relativeResultsDirectory="d1b4e6d1-57aa-4af7-a72a-13bb22cd41e2" />
    <UnitTestResult executionId="bc58e74b-50fb-4e96-9677-58ceed3c6e10" testId="6489d357-8831-2253-b4b7-d188dc6e82ee" testName="UserRegisterationTestCase" computerName="CRLHV-PRET16" duration="00:00:00.3267025" startTime="2022-10-05T21:21:46.9529558+05:00" endTime="2022-10-05T21:21:47.7499498+05:00" testType="13cdc9d9-ddb5-4fa4-a97d-d965ccfc6d4b" outcome="Failed" testListId="8c84fa94-04c1-424b-9868-57a2d4851a1d" relativeResultsDirectory="bc58e74b-50fb-4e96-9677-58ceed3c6e10">
      <Output>
        <ErrorInfo>
          <Message>The unit test adapter failed to connect to the data source or to read the data. For more information on troubleshooting this error, see "Troubleshooting Data-Driven Unit Tests" (http://go.microsoft.com/fwlink/?LinkId=62412) in the MSDN Library. Error details: Object reference not set to an instance of an object.</Message>
          <StackTrace>   at Microsoft.VisualStudio.TestPlatform.MSTestAdapter.PlatformServices.TestDataSource.GetData(ITestMethod testMethodInfo, ITestContext testContext)&#xD;
</StackTrace>
        </ErrorInfo>
      </Output>
    </UnitTestResult>
    <UnitTestResult executionId="23bc7ac1-cdbd-4013-aded-1d5764a6c871" testId="90d3b4ee-6bd5-48b7-8d0c-8886c8220afd" testName="userLogin" computerName="CRLHV-PRET16" duration="00:00:16.9150300" startTime="2022-10-05T21:21:47.7619492+05:00" endTime="2022-10-05T21:22:04.6797801+05:00" testType="13cdc9d9-ddb5-4fa4-a97d-d965ccfc6d4b" outcome="Passed" testListId="8c84fa94-04c1-424b-9868-57a2d4851a1d" relativeResultsDirectory="23bc7ac1-cdbd-4013-aded-1d5764a6c871" />
  </Results>
  <TestDefinitions>
    <UnitTest name="userLogin" storage="c:\users\karamjun\source\repos\seleniumquiz\seleniumquiz\bin\debug\seleniumquiz.dll" id="90d3b4ee-6bd5-48b7-8d0c-8886c8220afd">
      <Execution id="23bc7ac1-cdbd-4013-aded-1d5764a6c871" />
      <TestMethod codeBase="C:\Users\karamjun\source\repos\SeleniumQuiz\SeleniumQuiz\bin\Debug\SeleniumQuiz.dll" adapterTypeName="executor://mstestadapter/v2" className="SeleniumQuiz.UnitTest1" name="userLogin" />
    </UnitTest>
    <UnitTest name="UserRegisterationTestCase" storage="c:\users\karamjun\source\repos\seleniumquiz\seleniumquiz\bin\debug\seleniumquiz.dll" id="6489d357-8831-2253-b4b7-d188dc6e82ee">
      <Execution id="bc58e74b-50fb-4e96-9677-58ceed3c6e10" />
      <TestMethod codeBase="C:\Users\karamjun\source\repos\SeleniumQuiz\SeleniumQuiz\bin\Debug\SeleniumQuiz.dll" adapterTypeName="executor://mstestadapter/v2" className="SeleniumQuiz.UnitTest1" name="UserRegisterationTestCase" />
    </UnitTest>
    <UnitTest name="TC_5_DownloadInvoiceAfterPurchaseOrder" storage="c:\users\karamjun\source\repos\seleniumquiz\seleniumquiz\bin\debug\seleniumquiz.dll" id="dcdeee32-f1f2-42ac-b7ea-c841d93a34c2">
      <Execution id="2a53a53e-a8b4-484c-b3c1-6c7c27e63d3d" />
      <TestMethod codeBase="C:\Users\karamjun\source\repos\SeleniumQuiz\SeleniumQuiz\bin\Debug\SeleniumQuiz.dll" adapterTypeName="executor://mstestadapter/v2" className="SeleniumQuiz.UnitTest1" name="TC_5_DownloadInvoiceAfterPurchaseOrder" />
    </UnitTest>
    <UnitTest name="userLogout" storage="c:\users\karamjun\source\repos\seleniumquiz\seleniumquiz\bin\debug\seleniumquiz.dll" id="d7b7fb06-e7c5-4e78-b82d-07da680f2f88">
      <Execution id="d36e5a76-6caf-4cd0-8389-c5b1058adc42" />
      <TestMethod codeBase="C:\Users\karamjun\source\repos\SeleniumQuiz\SeleniumQuiz\bin\Debug\SeleniumQuiz.dll" adapterTypeName="executor://mstestadapter/v2" className="SeleniumQuiz.UnitTest1" name="userLogout" />
    </UnitTest>
    <UnitTest name="TC_4_SearchProduct" storage="c:\users\karamjun\source\repos\seleniumquiz\seleniumquiz\bin\debug\seleniumquiz.dll" id="25cbf609-3c23-4737-aff6-249774c1df72">
      <Execution id="d1b4e6d1-57aa-4af7-a72a-13bb22cd41e2" />
      <TestMethod codeBase="C:\Users\karamjun\source\repos\SeleniumQuiz\SeleniumQuiz\bin\Debug\SeleniumQuiz.dll" adapterTypeName="executor://mstestadapter/v2" className="SeleniumQuiz.UnitTest1" name="TC_4_SearchProduct" />
    </UnitTest>
  </TestDefinitions>
  <TestEntries>
    <TestEntry testId="dcdeee32-f1f2-42ac-b7ea-c841d93a34c2" executionId="2a53a53e-a8b4-484c-b3c1-6c7c27e63d3d" testListId="8c84fa94-04c1-424b-9868-57a2d4851a1d" />
    <TestEntry testId="d7b7fb06-e7c5-4e78-b82d-07da680f2f88" executionId="d36e5a76-6caf-4cd0-8389-c5b1058adc42" testListId="8c84fa94-04c1-424b-9868-57a2d4851a1d" />
    <TestEntry testId="25cbf609-3c23-4737-aff6-249774c1df72" executionId="d1b4e6d1-57aa-4af7-a72a-13bb22cd41e2" testListId="8c84fa94-04c1-424b-9868-57a2d4851a1d" />
    <TestEntry testId="6489d357-8831-2253-b4b7-d188dc6e82ee" executionId="bc58e74b-50fb-4e96-9677-58ceed3c6e10" testListId="8c84fa94-04c1-424b-9868-57a2d4851a1d" />
    <TestEntry testId="90d3b4ee-6bd5-48b7-8d0c-8886c8220afd" executionId="23bc7ac1-cdbd-4013-aded-1d5764a6c871" testListId="8c84fa94-04c1-424b-9868-57a2d4851a1d" />
  </TestEntries>
  <TestLists>
    <TestList name="Results Not in a List" id="8c84fa94-04c1-424b-9868-57a2d4851a1d" />
    <TestList name="All Loaded Results" id="19431567-8539-422a-85d7-44ee4e166bda" />
  </TestLists>
  <ResultSummary outcome="Failed">
    <Counters total="5" executed="5" passed="3" failed="2" error="0" timeout="0" aborted="0" inconclusive="0" passedButRunAborted="0" notRunnable="0" notExecuted="0" disconnected="0" warning="0" completed="0" inProgress="0" pending="0" />
  </ResultSummary>
</TestRun>